  ofApp.cpp
c:\users\fred\documents\openframeworks\addons\ofxpdsp\src\math\interpolation\cosine.h(19): warning C4244: 'argument': conversion from 'double' to 'float', possible loss of data
c:\users\fred\documents\openframeworks\addons\ofxpdsp\src\dsp\random\whitenoise.h(16): warning C4083: expected ')'; found identifier 'C4838'
c:\users\fred\documents\openframeworks\addons\ofxpdsp\src\dsp\random\whitenoise.h(34): warning C4554: '<<': check operator precedence for possible error; use parentheses to clarify precedence
c:\users\fred\documents\openframeworks\addons\ofxpdsp\src\dsp\random\whitenoise.h(35): warning C4554: '<<': check operator precedence for possible error; use parentheses to clarify precedence
c:\users\fred\documents\openframeworks\addons\ofxpdsp\src\dsp\random\whitenoise.h(36): warning C4554: '<<': check operator precedence for possible error; use parentheses to clarify precedence
c:\users\fred\documents\openframeworks\addons\ofxpdsp\src\dsp\random\whitenoise.h(37): warning C4554: '<<': check operator precedence for possible error; use parentheses to clarify precedence
c:\users\fred\documents\openframeworks\libs\openframeworks\math\ofmatrix4x4.h(326): warning C4267: 'argument': conversion from 'size_t' to 'int', possible loss of data
c:\users\fred\documents\openframeworks\libs\openframeworks\math\ofmatrix4x4.h(331): warning C4267: 'argument': conversion from 'size_t' to 'int', possible loss of data
c:\users\fred\documents\openframeworks\libs\openframeworks\math\ofmatrix4x4.h(912): warning C4267: 'argument': conversion from 'size_t' to 'int', possible loss of data
c:\users\fred\documents\openframeworks\libs\openframeworks\math\ofmatrix4x4.h(913): warning C4267: 'argument': conversion from 'size_t' to 'int', possible loss of data
c:\users\fred\documents\openframeworks\libs\openframeworks\math\ofmatrix4x4.h(914): warning C4267: 'argument': conversion from 'size_t' to 'int', possible loss of data
c:\users\fred\documents\openframeworks\libs\openframeworks\math\ofmatrix4x4.h(915): warning C4267: 'argument': conversion from 'size_t' to 'int', possible loss of data
c:\users\fred\documents\openframeworks\apps\ali moini research\gaugemancy_1_0\src\ofapp.cpp(1967): warning C4101: 'isPressureOn': unreferenced local variable
     Creating library bin\Gaugemancy_1_0.lib and object bin\Gaugemancy_1_0.exp
  Generating code
  0 of 617 functions ( 0.0%) were compiled, the rest were copied from previous compilation.
    0 functions were new in current compilation
    0 functions had inline decision re-evaluated but remain unchanged
  Finished generating code
  Gaugemancy_1_0.vcxproj -> C:\Users\Fred\Documents\openFrameworks\apps\Ali Moini research\Gaugemancy_1_0\bin\Gaugemancy_1_0.exe
  
  	                   2	C:\Users\Fred\Documents\openFrameworks\libs\fmodex\lib\vs\x64\
  	  *EXTRA File 		 6402560	C:\Users\Fred\Documents\openFrameworks\apps\Ali Moini research\Gaugemancy_1_0\bin\FreeImage.dll
  
  	                   1	C:\Users\Fred\Documents\openFrameworks\libs\FreeImage\lib\vs\x64\
  	  *EXTRA File 		 1503232	C:\Users\Fred\Documents\openFrameworks\apps\Ali Moini research\Gaugemancy_1_0\bin\fmodex64.dll
  	  *EXTRA File 		 1552384	C:\Users\Fred\Documents\openFrameworks\apps\Ali Moini research\Gaugemancy_1_0\bin\fmodexL64.dll
